[35m[Appium][39m Welcome to Appium v1.19.0
[35m[Appium][39m Non-default server args:
[35m[Appium][39m   port: 53395
[35m[Appium][39m   loglevel: info
[35m[Appium][39m   tmpDir: C:\Users\asus\AppData\Local\Temp\\Katalon\Appium\Temp1606316882870
[35m[Appium][39m   chromedriverPort: 53396
[35m[Appium][39m Deprecated server args:
[35m[Appium][39m   [31m--chromedriver-port[39m => --default-capabilities
[35m[Appium][39m Default capabilities, which will be added to each request unless overridden by desired capabilities:
[35m[Appium][39m   chromedriverPort: 53396
[35m[Appium][39m Appium REST http interface listener started on 0.0.0.0:53395
[35m[HTTP][39m [37m-->[39m [37mGET[39m [37m/wd/hub/status[39m
[35m[HTTP][39m [90m{}[39m
[35m[HTTP][39m [37m<-- GET /wd/hub/status [39m[32m200[39m [90m5 ms - 68[39m
[35m[HTTP][39m [90m[39m
[35m[HTTP][39m [37m-->[39m [37mGET[39m [37m/wd/hub/status[39m
[35m[HTTP][39m [90m{}[39m
[35m[HTTP][39m [37m<-- GET /wd/hub/status [39m[32m200[39m [90m1 ms - 68[39m
[35m[HTTP][39m [90m[39m
[35m[HTTP][39m [37m-->[39m [37mPOST[39m [37m/wd/hub/session[39m
[35m[HTTP][39m [90m{"desiredCapabilities":{"app":"D:\\Mobile\\staging-spacestock-crm-2-787df2d3180b43d8b4aa1c8d7dff135c-signed.apk","noReset":true,"deviceName":"emulator-5554 (Android SDK built for x86 - Android 10)","fullReset":false,"platform":"ANDROID","newCommandTimeout":1800,"platformVersion":"10","automationName":"uiautomator2","autoGrantPermissions":true,"platformName":"Android","udid":"emulator-5554","systemPort":53403},"capabilities":{"firstMatch":[{"appium:app":"D:\\Mobile\\staging-spacestock-crm-2-787df2d3180b43d8b4aa1c8d7dff135c-signed.apk","appium:autoGrantPermissions":true,"appium:automationName":"uiautomator2","appium:deviceName":"emulator-5554 (Android SDK built for x86 - Android 10)","appium:fullReset":false,"appium:newCommandTimeout":1800,"appium:noReset":true,"platform":"ANDROID","platformName":"android","appium:platformVersion":"10","appium:systemPort":53403,"appium:udid":"emulator-5554"}]}}[39m
[35m[BaseDriver][39m The following capabilities are not standard capabilities and should have an extension prefix:
[35m[BaseDriver][39m   platform
[35m[BaseDriver][39m   chromedriverPort
[35m[Appium][39m Appium v1.19.0 creating new AndroidUiautomator2Driver (v1.59.0) session
[35m[BaseDriver][39m The following capabilities were provided, but are not recognized by Appium:
[35m[BaseDriver][39m   platform
[35m[BaseDriver][39m Session created with session id: 8f09e6e7-5797-439c-9632-6a788535b5d9
[35m[BaseDriver][39m Using local app 'D:\Mobile\staging-spacestock-crm-2-787df2d3180b43d8b4aa1c8d7dff135c-signed.apk'
[35m[ADB][39m Found 1 'build-tools' folders under 'C:\Users\asus\.katalon\tools\android_sdk' (newest first):
[35m[ADB][39m     C:/Users/asus/.katalon/tools/android_sdk/build-tools/29.0.3
[35m[ADB][39m Using 'adb.exe' from 'C:\Users\asus\.katalon\tools\android_sdk\platform-tools\adb.exe'
[35m[AndroidDriver][39m Retrieving device list
[35m[AndroidDriver][39m Using device: emulator-5554
[35m[ADB][39m Using 'adb.exe' from 'C:\Users\asus\.katalon\tools\android_sdk\platform-tools\adb.exe'
[35m[ADB][39m Getting device platform version
[35m[UiAutomator2][39m Relaxing hidden api policy
[35m[ADB][39m Package name: 'com.spacestock.stgcrm'
[35m[ADB][39m Main activity name: 'host.exp.exponent.MainActivity'
[35m[ADB][39m Using 'apksigner.jar' from 'C:\Users\asus\.katalon\tools\android_sdk\build-tools\29.0.3\lib\apksigner.jar'
[35m[ADB][39m 'C:\Users\asus\AppData\Roaming\npm\node_modules\appium\node_modules\appium-uiautomator2-server\apks\appium-uiautomator2-server-v4.15.0.apk' is signed with the default certificate
[35m[ADB][39m 'C:\Users\asus\AppData\Roaming\npm\node_modules\appium\node_modules\appium-uiautomator2-server\apks\appium-uiautomator2-server-debug-androidTest.apk' is signed with the default certificate
[35m[UiAutomator2][39m Server packages are not going to be (re)installed
[35m[ADB][39m 'D:\Mobile\staging-spacestock-crm-2-787df2d3180b43d8b4aa1c8d7dff135c-signed.apk' is signed with a non-default certificate
[35m[ADB][39m The application at 'D:\Mobile\staging-spacestock-crm-2-787df2d3180b43d8b4aa1c8d7dff135c-signed.apk' will not be cached, because the device under test has confirmed the support of streamed installs
[35m[ADB][39m The installation of 'staging-spacestock-crm-2-787df2d3180b43d8b4aa1c8d7dff135c-signed.apk' took 5245ms
[35m[UiAutomator2][39m Starting UIAutomator2 server 4.15.0
[35m[UiAutomator2][39m Using UIAutomator2 server from 'C:\Users\asus\AppData\Roaming\npm\node_modules\appium\node_modules\appium-uiautomator2-server\apks\appium-uiautomator2-server-v4.15.0.apk' and test from 'C:\Users\asus\AppData\Roaming\npm\node_modules\appium\node_modules\appium-uiautomator2-server\apks\appium-uiautomator2-server-debug-androidTest.apk'
[35m[UiAutomator2][39m Waiting up to 30000ms for UiAutomator2 to be online...
[35m[WD Proxy][39m socket hang up
[35m[WD Proxy][39m socket hang up
[35m[WD Proxy][39m Determined the downstream protocol as 'W3C'
[35m[AndroidDriver][39m Screen already unlocked, doing nothing
[35m[UiAutomator2][39m Starting 'com.spacestock.stgcrm/host.exp.exponent.MainActivity and waiting for 'com.spacestock.stgcrm/host.exp.exponent.MainActivity'
[35m[Appium][39m New AndroidUiautomator2Driver session created successfully, session 8f09e6e7-5797-439c-9632-6a788535b5d9 added to master session list
[35m[HTTP][39m [37m<-- POST /wd/hub/session [39m[32m200[39m [90m16757 ms - 1364[39m
[35m[HTTP][39m [90m[39m
[35m[HTTP][39m [37m-->[39m [37mGET[39m [37m/wd/hub/session/8f09e6e7-5797-439c-9632-6a788535b5d9[39m
[35m[HTTP][39m [90m{}[39m
[35m[HTTP][39m [37m<-- GET /wd/hub/session/8f09e6e7-5797-439c-9632-6a788535b5d9 [39m[32m200[39m [90m15 ms - 1318[39m
[35m[HTTP][39m [90m[39m
[35m[HTTP][39m [37m-->[39m [37mGET[39m [37m/wd/hub/session/8f09e6e7-5797-439c-9632-6a788535b5d9[39m
[35m[HTTP][39m [90m{}[39m
[35m[HTTP][39m [37m<-- GET /wd/hub/session/8f09e6e7-5797-439c-9632-6a788535b5d9 [39m[32m200[39m [90m12 ms - 1318[39m
[35m[HTTP][39m [90m[39m
[35m[HTTP][39m [37m-->[39m [37mGET[39m [37m/wd/hub/status[39m
[35m[HTTP][39m [90m{}[39m
[35m[HTTP][39m [37m<-- GET /wd/hub/status [39m[32m200[39m [90m1 ms - 68[39m
[35m[HTTP][39m [90m[39m
[35m[HTTP][39m [37m-->[39m [37mPOST[39m [37m/wd/hub/session/8f09e6e7-5797-439c-9632-6a788535b5d9/timeouts[39m
[35m[HTTP][39m [90m{"implicit":60000}[39m
[35m[HTTP][39m [37m<-- POST /wd/hub/session/8f09e6e7-5797-439c-9632-6a788535b5d9/timeouts [39m[32m200[39m [90m6 ms - 14[39m
[35m[HTTP][39m [90m[39m
[35m[HTTP][39m [37m-->[39m [37mGET[39m [37m/wd/hub/session/8f09e6e7-5797-439c-9632-6a788535b5d9/source[39m
[35m[HTTP][39m [90m{}[39m
[35m[W3C (8f09e6e7)][39m Driver proxy active, passing request on via HTTP proxy
[35m[WD Proxy][39m Replacing sessionId 95b44b86-0e45-4351-97da-50cd9b111ac4 with 8f09e6e7-5797-439c-9632-6a788535b5d9
[35m[HTTP][39m [37m<-- GET /wd/hub/session/8f09e6e7-5797-439c-9632-6a788535b5d9/source [39m[32m200[39m [90m537 ms - 4453[39m
[35m[HTTP][39m [90m[39m
[35m[HTTP][39m [37m-->[39m [37mGET[39m [37m/wd/hub/session/8f09e6e7-5797-439c-9632-6a788535b5d9/screenshot[39m
[35m[HTTP][39m [90m{}[39m
[35m[HTTP][39m [37m<-- GET /wd/hub/session/8f09e6e7-5797-439c-9632-6a788535b5d9/screenshot [39m[32m200[39m [90m762 ms - 82074[39m
[35m[HTTP][39m [90m[39m
[35m[HTTP][39m [37m-->[39m [37mGET[39m [37m/wd/hub/session/8f09e6e7-5797-439c-9632-6a788535b5d9/source[39m
[35m[HTTP][39m [90m{}[39m
[35m[W3C (8f09e6e7)][39m Driver proxy active, passing request on via HTTP proxy
[35m[WD Proxy][39m Replacing sessionId 95b44b86-0e45-4351-97da-50cd9b111ac4 with 8f09e6e7-5797-439c-9632-6a788535b5d9
[35m[HTTP][39m [37m<-- GET /wd/hub/session/8f09e6e7-5797-439c-9632-6a788535b5d9/source [39m[32m200[39m [90m287 ms - 33921[39m
[35m[HTTP][39m [90m[39m
[35m[HTTP][39m [37m-->[39m [37mGET[39m [37m/wd/hub/session/8f09e6e7-5797-439c-9632-6a788535b5d9/screenshot[39m
[35m[HTTP][39m [90m{}[39m
[35m[HTTP][39m [37m<-- GET /wd/hub/session/8f09e6e7-5797-439c-9632-6a788535b5d9/screenshot [39m[32m200[39m [90m837 ms - 1252164[39m
[35m[HTTP][39m [90m[39m
[35m[HTTP][39m [37m-->[39m [37mPOST[39m [37m/wd/hub/session/8f09e6e7-5797-439c-9632-6a788535b5d9/elements[39m
[35m[HTTP][39m [90m{"using":"-android uiautomator","value":"new UiSelector().className(\"android.widget.TextView\").text(\"Contact\").packageName(\"com.spacestock.stgcrm\").enabled(true).clickable(false).longClickable(false).checkable(false).checked(false).focusable(false).focused(false).scrollable(false).selected(false).index(1)"}[39m
[35m[HTTP][39m [37m<-- POST /wd/hub/session/8f09e6e7-5797-439c-9632-6a788535b5d9/elements [39m[32m200[39m [90m67 ms - 139[39m
[35m[HTTP][39m [90m[39m
[35m[HTTP][39m [37m-->[39m [37mGET[39m [37m/wd/hub/session/8f09e6e7-5797-439c-9632-6a788535b5d9/window/rect[39m
[35m[HTTP][39m [90m{}[39m
[35m[HTTP][39m [37m<-- GET /wd/hub/session/8f09e6e7-5797-439c-9632-6a788535b5d9/window/rect [39m[32m200[39m [90m14 ms - 50[39m
[35m[HTTP][39m [90m[39m
[35m[HTTP][39m [37m-->[39m [37mPOST[39m [37m/wd/hub/session/8f09e6e7-5797-439c-9632-6a788535b5d9/elements[39m
[35m[HTTP][39m [90m{"using":"-android uiautomator","value":"new UiSelector().className(\"android.widget.TextView\").text(\"Contact\").packageName(\"com.spacestock.stgcrm\").enabled(true).clickable(false).longClickable(false).checkable(false).checked(false).focusable(false).focused(false).scrollable(false).selected(false).index(1)"}[39m
[35m[HTTP][39m [37m<-- POST /wd/hub/session/8f09e6e7-5797-439c-9632-6a788535b5d9/elements [39m[32m200[39m [90m48 ms - 139[39m
[35m[HTTP][39m [90m[39m
[35m[HTTP][39m [37m-->[39m [37mGET[39m [37m/wd/hub/session/8f09e6e7-5797-439c-9632-6a788535b5d9/element/a1d8cc6e-bc78-4814-87d1-a4135eb643fd/location[39m
[35m[HTTP][39m [90m{}[39m
[35m[W3C (8f09e6e7)][39m Driver proxy active, passing request on via HTTP proxy
[35m[WD Proxy][39m Replacing sessionId 95b44b86-0e45-4351-97da-50cd9b111ac4 with 8f09e6e7-5797-439c-9632-6a788535b5d9
[35m[HTTP][39m [37m<-- GET /wd/hub/session/8f09e6e7-5797-439c-9632-6a788535b5d9/element/a1d8cc6e-bc78-4814-87d1-a4135eb643fd/location [39m[32m200[39m [90m24 ms - 79[39m
[35m[HTTP][39m [90m[39m
[35m[HTTP][39m [37m-->[39m [37mPOST[39m [37m/wd/hub/session/8f09e6e7-5797-439c-9632-6a788535b5d9/touch/perform[39m
[35m[HTTP][39m [90m{"actions":[{"action":"tap","options":{"x":1,"y":1,"element":"a1d8cc6e-bc78-4814-87d1-a4135eb643fd"}}]}[39m
[35m[UiAutomator2][39m calling get location: a1d8cc6e-bc78-4814-87d1-a4135eb643fd
[35m[HTTP][39m [37m<-- POST /wd/hub/session/8f09e6e7-5797-439c-9632-6a788535b5d9/touch/perform [39m[32m200[39m [90m264 ms - 14[39m
[35m[HTTP][39m [90m[39m
[35m[HTTP][39m [37m-->[39m [37mGET[39m [37m/wd/hub/session/8f09e6e7-5797-439c-9632-6a788535b5d9/source[39m
[35m[HTTP][39m [90m{}[39m
[35m[W3C (8f09e6e7)][39m Driver proxy active, passing request on via HTTP proxy
[35m[WD Proxy][39m Replacing sessionId 95b44b86-0e45-4351-97da-50cd9b111ac4 with 8f09e6e7-5797-439c-9632-6a788535b5d9
[35m[HTTP][39m [37m<-- GET /wd/hub/session/8f09e6e7-5797-439c-9632-6a788535b5d9/source [39m[32m200[39m [90m638 ms - 24072[39m
[35m[HTTP][39m [90m[39m
[35m[HTTP][39m [37m-->[39m [37mGET[39m [37m/wd/hub/session/8f09e6e7-5797-439c-9632-6a788535b5d9/screenshot[39m
[35m[HTTP][39m [90m{}[39m
[35m[HTTP][39m [37m<-- GET /wd/hub/session/8f09e6e7-5797-439c-9632-6a788535b5d9/screenshot [39m[32m200[39m [90m515 ms - 218356[39m
[35m[HTTP][39m [90m[39m
[35m[HTTP][39m [37m-->[39m [37mPOST[39m [37m/wd/hub/session/8f09e6e7-5797-439c-9632-6a788535b5d9/elements[39m
[35m[HTTP][39m [90m{"using":"-android uiautomator","value":"new UiSelector().className(\"android.view.ViewGroup\").packageName(\"com.spacestock.stgcrm\").enabled(true).clickable(false).longClickable(false).checkable(false).checked(false).focusable(false).focused(false).scrollable(false).selected(false).index(0)"}[39m
[35m[HTTP][39m [37m<-- POST /wd/hub/session/8f09e6e7-5797-439c-9632-6a788535b5d9/elements [39m[32m200[39m [90m318 ms - 3979[39m
[35m[HTTP][39m [90m[39m
[35m[HTTP][39m [37m-->[39m [37mGET[39m [37m/wd/hub/session/8f09e6e7-5797-439c-9632-6a788535b5d9/window/rect[39m
[35m[HTTP][39m [90m{}[39m
[35m[HTTP][39m [37m<-- GET /wd/hub/session/8f09e6e7-5797-439c-9632-6a788535b5d9/window/rect [39m[32m200[39m [90m11 ms - 50[39m
[35m[HTTP][39m [90m[39m
[35m[HTTP][39m [37m-->[39m [37mPOST[39m [37m/wd/hub/session/8f09e6e7-5797-439c-9632-6a788535b5d9/elements[39m
[35m[HTTP][39m [90m{"using":"xpath","value":"//hierarchy/android.widget.FrameLayout[1]/android.widget.LinearLayout[1]/android.widget.FrameLayout[1]/android.widget.LinearLayout[1]/android.widget.FrameLayout[1]/android.widget.FrameLayout[1]/android.widget.FrameLayout[1]/android.widget.FrameLayout[1]/android.view.ViewGroup[1]/android.view.ViewGroup[1]/android.view.ViewGroup[1]/android.view.ViewGroup[1]/android.view.ViewGroup[1]/android.view.ViewGroup[1]/android.view.ViewGroup[1]/android.view.ViewGroup[1]/android.view.ViewGroup[1]/android.view.ViewGroup[1]/android.view.ViewGroup[1]/android.view.ViewGroup[3]/android.view.ViewGroup[1]/android.view.ViewGroup[1]/android.view.ViewGroup[1]/android.view.ViewGroup[1]/android.view.ViewGroup[1]/android.view.ViewGroup[1]"}[39m
[35m[HTTP][39m [37m<-- POST /wd/hub/session/8f09e6e7-5797-439c-9632-6a788535b5d9/elements [39m[32m200[39m [90m146 ms - 139[39m
[35m[HTTP][39m [90m[39m
[35m[HTTP][39m [37m-->[39m [37mGET[39m [37m/wd/hub/session/8f09e6e7-5797-439c-9632-6a788535b5d9/element/5f76d9e6-4ae4-44d1-9497-0bebf8bfc63a/location[39m
[35m[HTTP][39m [90m{}[39m
[35m[W3C (8f09e6e7)][39m Driver proxy active, passing request on via HTTP proxy
[35m[WD Proxy][39m Replacing sessionId 95b44b86-0e45-4351-97da-50cd9b111ac4 with 8f09e6e7-5797-439c-9632-6a788535b5d9
[35m[HTTP][39m [37m<-- GET /wd/hub/session/8f09e6e7-5797-439c-9632-6a788535b5d9/element/5f76d9e6-4ae4-44d1-9497-0bebf8bfc63a/location [39m[32m200[39m [90m10 ms - 80[39m
[35m[HTTP][39m [90m[39m
[35m[HTTP][39m [37m-->[39m [37mPOST[39m [37m/wd/hub/session/8f09e6e7-5797-439c-9632-6a788535b5d9/touch/perform[39m
[35m[HTTP][39m [90m{"actions":[{"action":"tap","options":{"x":1,"y":1,"element":"5f76d9e6-4ae4-44d1-9497-0bebf8bfc63a"}}]}[39m
[35m[UiAutomator2][39m calling get location: 5f76d9e6-4ae4-44d1-9497-0bebf8bfc63a
[35m[HTTP][39m [37m<-- POST /wd/hub/session/8f09e6e7-5797-439c-9632-6a788535b5d9/touch/perform [39m[32m200[39m [90m222 ms - 14[39m
[35m[HTTP][39m [90m[39m
[35m[HTTP][39m [37m-->[39m [37mGET[39m [37m/wd/hub/session/8f09e6e7-5797-439c-9632-6a788535b5d9/source[39m
[35m[HTTP][39m [90m{}[39m
[35m[W3C (8f09e6e7)][39m Driver proxy active, passing request on via HTTP proxy
[35m[WD Proxy][39m Replacing sessionId 95b44b86-0e45-4351-97da-50cd9b111ac4 with 8f09e6e7-5797-439c-9632-6a788535b5d9
[35m[HTTP][39m [37m<-- GET /wd/hub/session/8f09e6e7-5797-439c-9632-6a788535b5d9/source [39m[32m200[39m [90m432 ms - 30178[39m
[35m[HTTP][39m [90m[39m
[35m[HTTP][39m [37m-->[39m [37mGET[39m [37m/wd/hub/session/8f09e6e7-5797-439c-9632-6a788535b5d9/screenshot[39m
[35m[HTTP][39m [90m{}[39m
[35m[HTTP][39m [37m<-- GET /wd/hub/session/8f09e6e7-5797-439c-9632-6a788535b5d9/screenshot [39m[32m200[39m [90m482 ms - 138926[39m
[35m[HTTP][39m [90m[39m
[35m[HTTP][39m [37m-->[39m [37mPOST[39m [37m/wd/hub/session/8f09e6e7-5797-439c-9632-6a788535b5d9/elements[39m
[35m[HTTP][39m [90m{"using":"-android uiautomator","value":"new UiSelector().className(\"android.widget.EditText\").packageName(\"com.spacestock.stgcrm\").enabled(true).clickable(true).longClickable(true).checkable(false).checked(false).focusable(true).focused(false).scrollable(false).selected(false).index(0)"}[39m
[35m[HTTP][39m [37m<-- POST /wd/hub/session/8f09e6e7-5797-439c-9632-6a788535b5d9/elements [39m[32m200[39m [90m76 ms - 651[39m
[35m[HTTP][39m [90m[39m
[35m[HTTP][39m [37m-->[39m [37mGET[39m [37m/wd/hub/session/8f09e6e7-5797-439c-9632-6a788535b5d9/window/rect[39m
[35m[HTTP][39m [90m{}[39m
[35m[HTTP][39m [37m<-- GET /wd/hub/session/8f09e6e7-5797-439c-9632-6a788535b5d9/window/rect [39m[32m200[39m [90m11 ms - 50[39m
[35m[HTTP][39m [90m[39m
[35m[HTTP][39m [37m-->[39m [37mPOST[39m [37m/wd/hub/session/8f09e6e7-5797-439c-9632-6a788535b5d9/elements[39m
[35m[HTTP][39m [90m{"using":"xpath","value":"//hierarchy/android.widget.FrameLayout[1]/android.widget.LinearLayout[1]/android.widget.FrameLayout[1]/android.widget.LinearLayout[1]/android.widget.FrameLayout[1]/android.widget.FrameLayout[1]/android.widget.FrameLayout[1]/android.widget.FrameLayout[1]/android.view.ViewGroup[1]/android.view.ViewGroup[1]/android.view.ViewGroup[1]/android.view.ViewGroup[1]/android.view.ViewGroup[1]/android.view.ViewGroup[1]/android.view.ViewGroup[1]/android.view.ViewGroup[1]/android.view.ViewGroup[1]/android.view.ViewGroup[1]/android.view.ViewGroup[1]/android.widget.ScrollView[1]/android.view.ViewGroup[1]/android.view.ViewGroup[1]/android.view.ViewGroup[1]/android.view.ViewGroup[1]/android.widget.EditText[1]"}[39m
[35m[HTTP][39m [37m<-- POST /wd/hub/session/8f09e6e7-5797-439c-9632-6a788535b5d9/elements [39m[32m200[39m [90m52 ms - 139[39m
[35m[HTTP][39m [90m[39m
[35m[HTTP][39m [37m-->[39m [37mGET[39m [37m/wd/hub/session/8f09e6e7-5797-439c-9632-6a788535b5d9/element/41bc585b-8f1c-4bee-b235-f0fa9defdfc4/location[39m
[35m[HTTP][39m [90m{}[39m
[35m[W3C (8f09e6e7)][39m Driver proxy active, passing request on via HTTP proxy
[35m[WD Proxy][39m Replacing sessionId 95b44b86-0e45-4351-97da-50cd9b111ac4 with 8f09e6e7-5797-439c-9632-6a788535b5d9
[35m[HTTP][39m [37m<-- GET /wd/hub/session/8f09e6e7-5797-439c-9632-6a788535b5d9/element/41bc585b-8f1c-4bee-b235-f0fa9defdfc4/location [39m[32m200[39m [90m12 ms - 78[39m
[35m[HTTP][39m [90m[39m
[35m[HTTP][39m [37m-->[39m [37mPOST[39m [37m/wd/hub/session/8f09e6e7-5797-439c-9632-6a788535b5d9/element/41bc585b-8f1c-4bee-b235-f0fa9defdfc4/clear[39m
[35m[HTTP][39m [90m{"id":"41bc585b-8f1c-4bee-b235-f0fa9defdfc4"}[39m
[35m[HTTP][39m [37m<-- POST /wd/hub/session/8f09e6e7-5797-439c-9632-6a788535b5d9/element/41bc585b-8f1c-4bee-b235-f0fa9defdfc4/clear [39m[32m200[39m [90m20 ms - 14[39m
[35m[HTTP][39m [90m[39m
[35m[HTTP][39m [37m-->[39m [37mPOST[39m [37m/wd/hub/session/8f09e6e7-5797-439c-9632-6a788535b5d9/element/41bc585b-8f1c-4bee-b235-f0fa9defdfc4/value[39m
[35m[HTTP][39m [90m{"id":"41bc585b-8f1c-4bee-b235-f0fa9defdfc4","text":"Almas","value":["A","l","m","a","s"]}[39m
[35m[HTTP][39m [37m<-- POST /wd/hub/session/8f09e6e7-5797-439c-9632-6a788535b5d9/element/41bc585b-8f1c-4bee-b235-f0fa9defdfc4/value [39m[32m200[39m [90m509 ms - 14[39m
[35m[HTTP][39m [90m[39m
[35m[HTTP][39m [37m-->[39m [37mGET[39m [37m/wd/hub/session/8f09e6e7-5797-439c-9632-6a788535b5d9/source[39m
[35m[HTTP][39m [90m{}[39m
[35m[W3C (8f09e6e7)][39m Driver proxy active, passing request on via HTTP proxy
[35m[WD Proxy][39m Replacing sessionId 95b44b86-0e45-4351-97da-50cd9b111ac4 with 8f09e6e7-5797-439c-9632-6a788535b5d9
[35m[HTTP][39m [37m<-- GET /wd/hub/session/8f09e6e7-5797-439c-9632-6a788535b5d9/source [39m[32m200[39m [90m250 ms - 31094[39m
[35m[HTTP][39m [90m[39m
[35m[HTTP][39m [37m-->[39m [37mGET[39m [37m/wd/hub/session/8f09e6e7-5797-439c-9632-6a788535b5d9/screenshot[39m
[35m[HTTP][39m [90m{}[39m
[35m[HTTP][39m [37m<-- GET /wd/hub/session/8f09e6e7-5797-439c-9632-6a788535b5d9/screenshot [39m[32m200[39m [90m524 ms - 144740[39m
[35m[HTTP][39m [90m[39m
[35m[HTTP][39m [37m-->[39m [37mPOST[39m [37m/wd/hub/session/8f09e6e7-5797-439c-9632-6a788535b5d9/elements[39m
[35m[HTTP][39m [90m{"using":"-android uiautomator","value":"new UiSelector().className(\"android.widget.EditText\").text(\"+62\").packageName(\"com.spacestock.stgcrm\").enabled(true).clickable(true).longClickable(true).checkable(false).checked(false).focusable(true).focused(false).scrollable(false).selected(false).index(0)"}[39m
[35m[HTTP][39m [37m<-- POST /wd/hub/session/8f09e6e7-5797-439c-9632-6a788535b5d9/elements [39m[32m200[39m [90m42 ms - 139[39m
[35m[HTTP][39m [90m[39m
[35m[HTTP][39m [37m-->[39m [37mGET[39m [37m/wd/hub/session/8f09e6e7-5797-439c-9632-6a788535b5d9/window/rect[39m
[35m[HTTP][39m [90m{}[39m
[35m[HTTP][39m [37m<-- GET /wd/hub/session/8f09e6e7-5797-439c-9632-6a788535b5d9/window/rect [39m[32m200[39m [90m13 ms - 50[39m
[35m[HTTP][39m [90m[39m
[35m[HTTP][39m [37m-->[39m [37mPOST[39m [37m/wd/hub/session/8f09e6e7-5797-439c-9632-6a788535b5d9/elements[39m
[35m[HTTP][39m [90m{"using":"-android uiautomator","value":"new UiSelector().className(\"android.widget.EditText\").text(\"+62\").packageName(\"com.spacestock.stgcrm\").enabled(true).clickable(true).longClickable(true).checkable(false).checked(false).focusable(true).focused(false).scrollable(false).selected(false).index(0)"}[39m
[35m[HTTP][39m [37m<-- POST /wd/hub/session/8f09e6e7-5797-439c-9632-6a788535b5d9/elements [39m[32m200[39m [90m38 ms - 139[39m
[35m[HTTP][39m [90m[39m
[35m[HTTP][39m [37m-->[39m [37mGET[39m [37m/wd/hub/session/8f09e6e7-5797-439c-9632-6a788535b5d9/element/ecbfdfcc-c37a-4d0b-8a3a-d5b8321490ea/location[39m
[35m[HTTP][39m [90m{}[39m
[35m[W3C (8f09e6e7)][39m Driver proxy active, passing request on via HTTP proxy
[35m[WD Proxy][39m Replacing sessionId 95b44b86-0e45-4351-97da-50cd9b111ac4 with 8f09e6e7-5797-439c-9632-6a788535b5d9
[35m[HTTP][39m [37m<-- GET /wd/hub/session/8f09e6e7-5797-439c-9632-6a788535b5d9/element/ecbfdfcc-c37a-4d0b-8a3a-d5b8321490ea/location [39m[32m200[39m [90m18 ms - 79[39m
[35m[HTTP][39m [90m[39m
[35m[HTTP][39m [37m-->[39m [37mPOST[39m [37m/wd/hub/session/8f09e6e7-5797-439c-9632-6a788535b5d9/element/ecbfdfcc-c37a-4d0b-8a3a-d5b8321490ea/clear[39m
[35m[HTTP][39m [90m{"id":"ecbfdfcc-c37a-4d0b-8a3a-d5b8321490ea"}[39m
[35m[HTTP][39m [37m<-- POST /wd/hub/session/8f09e6e7-5797-439c-9632-6a788535b5d9/element/ecbfdfcc-c37a-4d0b-8a3a-d5b8321490ea/clear [39m[32m200[39m [90m19 ms - 14[39m
[35m[HTTP][39m [90m[39m
[35m[HTTP][39m [37m-->[39m [37mPOST[39m [37m/wd/hub/session/8f09e6e7-5797-439c-9632-6a788535b5d9/element/ecbfdfcc-c37a-4d0b-8a3a-d5b8321490ea/value[39m
[35m[HTTP][39m [90m{"id":"ecbfdfcc-c37a-4d0b-8a3a-d5b8321490ea","text":"87853261990","value":["8","7","8","5","3","2","6","1","9","9","0"]}[39m
[35m[WD Proxy][39m Got response with status 404: {"sessionId":"95b44b86-0e45-4351-97da-50cd9b111ac4","value":{"error":"stale element reference","message":"Cached elements 'By.AndroidUiAutomator: new UiSelector().className(\"android.widget.EditText\").text(\"+62\").packageName(\"com.spacestock.stgcrm\").enabled(true).clickable(true).longClickable(true).checkable(false).checked(false).focusable(true).focused(false).scrollable(false).selected(false).index(0)' do not exist in DOM anymore","stacktrace":"io.appium.uiautomator2.common.exceptions.StaleElementReferenceException: Cached elements 'By.AndroidUiAutomator: new UiSelector().className(\"android.widget.EditText\").text(\"+62\").packageName(\"com.spacestock.stgcrm\").enabled(true).clickable(true).longClickable(true).checkable(false).checked(false).focusable(true).focused(false).scrollable(false).selected(false).index(0)' do not exist in DOM anymore\n\tat io.appium.uiautomator2.model.KnownElements.restoreCachedElement(KnownElements.java:60)\n\tat io.appium.uiautomator2.model.KnownElements.getElementFromCac...
[35m[HTTP][39m [37m<-- POST /wd/hub/session/8f09e6e7-5797-439c-9632-6a788535b5d9/element/ecbfdfcc-c37a-4d0b-8a3a-d5b8321490ea/value [39m[33m404[39m [90m11916 ms - 4501[39m
[35m[HTTP][39m [90m[39m
[35m[HTTP][39m [37m-->[39m [37mPOST[39m [37m/wd/hub/session/8f09e6e7-5797-439c-9632-6a788535b5d9/elements[39m
[35m[HTTP][39m [90m{"using":"-android uiautomator","value":"new UiSelector().className(\"android.widget.EditText\").text(\"+62\").packageName(\"com.spacestock.stgcrm\").enabled(true).clickable(true).longClickable(true).checkable(false).checked(false).focusable(true).focused(false).scrollable(false).selected(false).index(0)"}[39m
[35m[HTTP][39m [37m<-- POST /wd/hub/session/8f09e6e7-5797-439c-9632-6a788535b5d9/elements [39m[32m200[39m [90m60054 ms - 12[39m
[35m[HTTP][39m [90m[39m
[35m[HTTP][39m [37m-->[39m [37mGET[39m [37m/wd/hub/session/8f09e6e7-5797-439c-9632-6a788535b5d9/window/rect[39m
[35m[HTTP][39m [90m{}[39m
[35m[HTTP][39m [37m<-- GET /wd/hub/session/8f09e6e7-5797-439c-9632-6a788535b5d9/window/rect [39m[32m200[39m [90m11 ms - 50[39m
[35m[HTTP][39m [90m[39m
[35m[HTTP][39m [37m-->[39m [37mPOST[39m [37m/wd/hub/session/8f09e6e7-5797-439c-9632-6a788535b5d9/elements[39m
[35m[HTTP][39m [90m{"using":"xpath","value":"//hierarchy/android.widget.FrameLayout[1]/android.widget.LinearLayout[1]/android.widget.FrameLayout[1]/android.widget.LinearLayout[1]/android.widget.FrameLayout[1]/android.widget.FrameLayout[1]/android.widget.FrameLayout[1]/android.widget.FrameLayout[1]/android.view.ViewGroup[1]/android.view.ViewGroup[1]/android.view.ViewGroup[1]/android.view.ViewGroup[1]/android.view.ViewGroup[1]/android.view.ViewGroup[1]/android.view.ViewGroup[1]/android.view.ViewGroup[1]/android.view.ViewGroup[1]/android.view.ViewGroup[1]/android.view.ViewGroup[1]/android.widget.ScrollView[1]/android.view.ViewGroup[1]/android.view.ViewGroup[1]/android.view.ViewGroup[5]/android.view.ViewGroup[1]/android.view.ViewGroup[1]/android.view.ViewGroup[2]/android.view.ViewGroup[1]/android.widget.EditText[1]"}[39m
[35m[HTTP][39m [37m<-- POST /wd/hub/session/8f09e6e7-5797-439c-9632-6a788535b5d9/elements [39m[32m200[39m [90m46 ms - 139[39m
[35m[HTTP][39m [90m[39m
[35m[HTTP][39m [37m-->[39m [37mGET[39m [37m/wd/hub/session/8f09e6e7-5797-439c-9632-6a788535b5d9/element/b187cea7-7766-4b86-995b-75c3fbba4f1b/location[39m
[35m[HTTP][39m [90m{}[39m
[35m[W3C (8f09e6e7)][39m Driver proxy active, passing request on via HTTP proxy
[35m[WD Proxy][39m Replacing sessionId 95b44b86-0e45-4351-97da-50cd9b111ac4 with 8f09e6e7-5797-439c-9632-6a788535b5d9
[35m[HTTP][39m [37m<-- GET /wd/hub/session/8f09e6e7-5797-439c-9632-6a788535b5d9/element/b187cea7-7766-4b86-995b-75c3fbba4f1b/location [39m[32m200[39m [90m17 ms - 79[39m
[35m[HTTP][39m [90m[39m
[35m[HTTP][39m [37m-->[39m [37mPOST[39m [37m/wd/hub/session/8f09e6e7-5797-439c-9632-6a788535b5d9/element/b187cea7-7766-4b86-995b-75c3fbba4f1b/clear[39m
[35m[HTTP][39m [90m{"id":"b187cea7-7766-4b86-995b-75c3fbba4f1b"}[39m
[35m[HTTP][39m [37m<-- POST /wd/hub/session/8f09e6e7-5797-439c-9632-6a788535b5d9/element/b187cea7-7766-4b86-995b-75c3fbba4f1b/clear [39m[32m200[39m [90m11 ms - 14[39m
[35m[HTTP][39m [90m[39m
[35m[HTTP][39m [37m-->[39m [37mPOST[39m [37m/wd/hub/session/8f09e6e7-5797-439c-9632-6a788535b5d9/element/b187cea7-7766-4b86-995b-75c3fbba4f1b/value[39m
[35m[HTTP][39m [90m{"id":"b187cea7-7766-4b86-995b-75c3fbba4f1b","text":"087853261990","value":["0","8","7","8","5","3","2","6","1","9","9","0"]}[39m
[35m[HTTP][39m [37m<-- POST /wd/hub/session/8f09e6e7-5797-439c-9632-6a788535b5d9/element/b187cea7-7766-4b86-995b-75c3fbba4f1b/value [39m[32m200[39m [90m503 ms - 14[39m
[35m[HTTP][39m [90m[39m
[35m[HTTP][39m [37m-->[39m [37mGET[39m [37m/wd/hub/session/8f09e6e7-5797-439c-9632-6a788535b5d9/source[39m
[35m[HTTP][39m [90m{}[39m
[35m[W3C (8f09e6e7)][39m Driver proxy active, passing request on via HTTP proxy
[35m[WD Proxy][39m Replacing sessionId 95b44b86-0e45-4351-97da-50cd9b111ac4 with 8f09e6e7-5797-439c-9632-6a788535b5d9
[35m[HTTP][39m [37m<-- GET /wd/hub/session/8f09e6e7-5797-439c-9632-6a788535b5d9/source [39m[32m200[39m [90m351 ms - 31103[39m
[35m[HTTP][39m [90m[39m
[35m[HTTP][39m [37m-->[39m [37mGET[39m [37m/wd/hub/session/8f09e6e7-5797-439c-9632-6a788535b5d9/screenshot[39m
[35m[HTTP][39m [90m{}[39m
[35m[HTTP][39m [37m<-- GET /wd/hub/session/8f09e6e7-5797-439c-9632-6a788535b5d9/screenshot [39m[32m200[39m [90m464 ms - 153820[39m
[35m[HTTP][39m [90m[39m
[35m[HTTP][39m [37m-->[39m [37mPOST[39m [37m/wd/hub/session/8f09e6e7-5797-439c-9632-6a788535b5d9/elements[39m
[35m[HTTP][39m [90m{"using":"-android uiautomator","value":"new UiSelector().className(\"android.widget.TextView\").text(\"Save\").packageName(\"com.spacestock.stgcrm\").enabled(true).clickable(false).longClickable(false).checkable(false).checked(false).focusable(false).focused(false).scrollable(false).selected(false).index(0)"}[39m
[35m[HTTP][39m [37m<-- POST /wd/hub/session/8f09e6e7-5797-439c-9632-6a788535b5d9/elements [39m[32m200[39m [90m33 ms - 139[39m
[35m[HTTP][39m [90m[39m
[35m[HTTP][39m [37m-->[39m [37mGET[39m [37m/wd/hub/session/8f09e6e7-5797-439c-9632-6a788535b5d9/window/rect[39m
[35m[HTTP][39m [90m{}[39m
[35m[HTTP][39m [37m<-- GET /wd/hub/session/8f09e6e7-5797-439c-9632-6a788535b5d9/window/rect [39m[32m200[39m [90m7 ms - 50[39m
[35m[HTTP][39m [90m[39m
[35m[HTTP][39m [37m-->[39m [37mPOST[39m [37m/wd/hub/session/8f09e6e7-5797-439c-9632-6a788535b5d9/elements[39m
[35m[HTTP][39m [90m{"using":"-android uiautomator","value":"new UiSelector().className(\"android.widget.TextView\").text(\"Save\").packageName(\"com.spacestock.stgcrm\").enabled(true).clickable(false).longClickable(false).checkable(false).checked(false).focusable(false).focused(false).scrollable(false).selected(false).index(0)"}[39m
[35m[HTTP][39m [37m<-- POST /wd/hub/session/8f09e6e7-5797-439c-9632-6a788535b5d9/elements [39m[32m200[39m [90m32 ms - 139[39m
[35m[HTTP][39m [90m[39m
[35m[HTTP][39m [37m-->[39m [37mGET[39m [37m/wd/hub/session/8f09e6e7-5797-439c-9632-6a788535b5d9/element/393cdc46-ad30-46b5-91d8-aea012bf8b43/location[39m
[35m[HTTP][39m [90m{}[39m
[35m[W3C (8f09e6e7)][39m Driver proxy active, passing request on via HTTP proxy
[35m[WD Proxy][39m Replacing sessionId 95b44b86-0e45-4351-97da-50cd9b111ac4 with 8f09e6e7-5797-439c-9632-6a788535b5d9
[35m[HTTP][39m [37m<-- GET /wd/hub/session/8f09e6e7-5797-439c-9632-6a788535b5d9/element/393cdc46-ad30-46b5-91d8-aea012bf8b43/location [39m[32m200[39m [90m16 ms - 79[39m
[35m[HTTP][39m [90m[39m
[35m[HTTP][39m [37m-->[39m [37mPOST[39m [37m/wd/hub/session/8f09e6e7-5797-439c-9632-6a788535b5d9/touch/perform[39m
[35m[HTTP][39m [90m{"actions":[{"action":"tap","options":{"x":1,"y":1,"element":"393cdc46-ad30-46b5-91d8-aea012bf8b43"}}]}[39m
[35m[UiAutomator2][39m calling get location: 393cdc46-ad30-46b5-91d8-aea012bf8b43
[35m[HTTP][39m [37m<-- POST /wd/hub/session/8f09e6e7-5797-439c-9632-6a788535b5d9/touch/perform [39m[32m200[39m [90m326 ms - 14[39m
[35m[HTTP][39m [90m[39m
[35m[HTTP][39m [37m-->[39m [37mGET[39m [37m/wd/hub/session/8f09e6e7-5797-439c-9632-6a788535b5d9/source[39m
[35m[HTTP][39m [90m{}[39m
[35m[W3C (8f09e6e7)][39m Driver proxy active, passing request on via HTTP proxy
[35m[WD Proxy][39m Replacing sessionId 95b44b86-0e45-4351-97da-50cd9b111ac4 with 8f09e6e7-5797-439c-9632-6a788535b5d9
[35m[HTTP][39m [37m<-- GET /wd/hub/session/8f09e6e7-5797-439c-9632-6a788535b5d9/source [39m[32m200[39m [90m2486 ms - 42013[39m
[35m[HTTP][39m [90m[39m
[35m[HTTP][39m [37m-->[39m [37mGET[39m [37m/wd/hub/session/8f09e6e7-5797-439c-9632-6a788535b5d9/screenshot[39m
[35m[HTTP][39m [90m{}[39m
[35m[HTTP][39m [37m<-- GET /wd/hub/session/8f09e6e7-5797-439c-9632-6a788535b5d9/screenshot [39m[32m200[39m [90m442 ms - 146920[39m
[35m[HTTP][39m [90m[39m
[35m[HTTP][39m [37m-->[39m [37mPOST[39m [37m/wd/hub/session/8f09e6e7-5797-439c-9632-6a788535b5d9/elements[39m
[35m[HTTP][39m [90m{"using":"-android uiautomator","value":"new UiSelector().className(\"android.view.ViewGroup\").packageName(\"com.spacestock.stgcrm\").enabled(true).clickable(false).longClickable(false).checkable(false).checked(false).focusable(false).focused(false).scrollable(false).selected(false).index(0)"}[39m
[35m[HTTP][39m [37m<-- POST /wd/hub/session/8f09e6e7-5797-439c-9632-6a788535b5d9/elements [39m[32m200[39m [90m435 ms - 5003[39m
[35m[HTTP][39m [90m[39m
[35m[HTTP][39m [37m-->[39m [37mGET[39m [37m/wd/hub/session/8f09e6e7-5797-439c-9632-6a788535b5d9/window/rect[39m
[35m[HTTP][39m [90m{}[39m
[35m[HTTP][39m [37m<-- GET /wd/hub/session/8f09e6e7-5797-439c-9632-6a788535b5d9/window/rect [39m[32m200[39m [90m8 ms - 50[39m
[35m[HTTP][39m [90m[39m
[35m[HTTP][39m [37m-->[39m [37mPOST[39m [37m/wd/hub/session/8f09e6e7-5797-439c-9632-6a788535b5d9/elements[39m
[35m[HTTP][39m [90m{"using":"xpath","value":"//hierarchy/android.widget.FrameLayout[1]/android.widget.LinearLayout[1]/android.widget.FrameLayout[1]/android.widget.LinearLayout[1]/android.widget.FrameLayout[1]/android.widget.FrameLayout[1]/android.widget.FrameLayout[1]/android.widget.FrameLayout[1]/android.view.ViewGroup[1]/android.view.ViewGroup[1]/android.view.ViewGroup[1]/android.view.ViewGroup[1]/android.view.ViewGroup[1]/android.view.ViewGroup[1]/android.view.ViewGroup[1]/android.view.ViewGroup[1]/android.view.ViewGroup[1]/android.view.ViewGroup[1]/android.view.ViewGroup[1]/android.view.ViewGroup[1]/android.view.ViewGroup[1]/android.view.ViewGroup[1]/android.view.ViewGroup[1]/android.view.ViewGroup[1]"}[39m
[35m[HTTP][39m [37m<-- POST /wd/hub/session/8f09e6e7-5797-439c-9632-6a788535b5d9/elements [39m[32m200[39m [90m61 ms - 139[39m
[35m[HTTP][39m [90m[39m
[35m[HTTP][39m [37m-->[39m [37mGET[39m [37m/wd/hub/session/8f09e6e7-5797-439c-9632-6a788535b5d9/element/f77a0802-6dcc-4205-ad59-503cad4d2b6d/location[39m
[35m[HTTP][39m [90m{}[39m
[35m[W3C (8f09e6e7)][39m Driver proxy active, passing request on via HTTP proxy
[35m[WD Proxy][39m Replacing sessionId 95b44b86-0e45-4351-97da-50cd9b111ac4 with 8f09e6e7-5797-439c-9632-6a788535b5d9
[35m[HTTP][39m [37m<-- GET /wd/hub/session/8f09e6e7-5797-439c-9632-6a788535b5d9/element/f77a0802-6dcc-4205-ad59-503cad4d2b6d/location [39m[32m200[39m [90m10 ms - 77[39m
[35m[HTTP][39m [90m[39m
[35m[HTTP][39m [37m-->[39m [37mPOST[39m [37m/wd/hub/session/8f09e6e7-5797-439c-9632-6a788535b5d9/touch/perform[39m
[35m[HTTP][39m [90m{"actions":[{"action":"tap","options":{"x":1,"y":1,"element":"f77a0802-6dcc-4205-ad59-503cad4d2b6d"}}]}[39m
[35m[UiAutomator2][39m calling get location: f77a0802-6dcc-4205-ad59-503cad4d2b6d
[35m[HTTP][39m [37m<-- POST /wd/hub/session/8f09e6e7-5797-439c-9632-6a788535b5d9/touch/perform [39m[32m200[39m [90m360 ms - 14[39m
[35m[HTTP][39m [90m[39m
[35m[HTTP][39m [37m-->[39m [37mGET[39m [37m/wd/hub/session/8f09e6e7-5797-439c-9632-6a788535b5d9/source[39m
[35m[HTTP][39m [90m{}[39m
[35m[W3C (8f09e6e7)][39m Driver proxy active, passing request on via HTTP proxy
[35m[WD Proxy][39m Replacing sessionId 95b44b86-0e45-4351-97da-50cd9b111ac4 with 8f09e6e7-5797-439c-9632-6a788535b5d9
[35m[HTTP][39m [37m<-- GET /wd/hub/session/8f09e6e7-5797-439c-9632-6a788535b5d9/source [39m[32m200[39m [90m1042 ms - 42751[39m
[35m[HTTP][39m [90m[39m
[35m[HTTP][39m [37m-->[39m [37mGET[39m [37m/wd/hub/session/8f09e6e7-5797-439c-9632-6a788535b5d9/screenshot[39m
[35m[HTTP][39m [90m{}[39m
[35m[HTTP][39m [37m<-- GET /wd/hub/session/8f09e6e7-5797-439c-9632-6a788535b5d9/screenshot [39m[32m200[39m [90m481 ms - 224168[39m
[35m[HTTP][39m [90m[39m
[35m[HTTP][39m [37m-->[39m [37mPOST[39m [37m/wd/hub/session/8f09e6e7-5797-439c-9632-6a788535b5d9/elements[39m
[35m[HTTP][39m [90m{"using":"-android uiautomator","value":"new UiSelector().className(\"android.widget.TextView\").text(\"Home\").packageName(\"com.spacestock.stgcrm\").enabled(true).clickable(false).longClickable(false).checkable(false).checked(false).focusable(false).focused(false).scrollable(false).selected(false).index(1)"}[39m
[35m[HTTP][39m [37m<-- POST /wd/hub/session/8f09e6e7-5797-439c-9632-6a788535b5d9/elements [39m[32m200[39m [90m34 ms - 139[39m
[35m[HTTP][39m [90m[39m
[35m[HTTP][39m [37m-->[39m [37mGET[39m [37m/wd/hub/session/8f09e6e7-5797-439c-9632-6a788535b5d9/window/rect[39m
[35m[HTTP][39m [90m{}[39m
[35m[HTTP][39m [37m<-- GET /wd/hub/session/8f09e6e7-5797-439c-9632-6a788535b5d9/window/rect [39m[32m200[39m [90m8 ms - 50[39m
[35m[HTTP][39m [90m[39m
[35m[HTTP][39m [37m-->[39m [37mPOST[39m [37m/wd/hub/session/8f09e6e7-5797-439c-9632-6a788535b5d9/elements[39m
[35m[HTTP][39m [90m{"using":"-android uiautomator","value":"new UiSelector().className(\"android.widget.TextView\").text(\"Home\").packageName(\"com.spacestock.stgcrm\").enabled(true).clickable(false).longClickable(false).checkable(false).checked(false).focusable(false).focused(false).scrollable(false).selected(false).index(1)"}[39m
[35m[HTTP][39m [37m<-- POST /wd/hub/session/8f09e6e7-5797-439c-9632-6a788535b5d9/elements [39m[32m200[39m [90m33 ms - 139[39m
[35m[HTTP][39m [90m[39m
[35m[HTTP][39m [37m-->[39m [37mGET[39m [37m/wd/hub/session/8f09e6e7-5797-439c-9632-6a788535b5d9/element/aaa825c4-13b4-4874-a713-64827e8d18a6/location[39m
[35m[HTTP][39m [90m{}[39m
[35m[W3C (8f09e6e7)][39m Driver proxy active, passing request on via HTTP proxy
[35m[WD Proxy][39m Replacing sessionId 95b44b86-0e45-4351-97da-50cd9b111ac4 with 8f09e6e7-5797-439c-9632-6a788535b5d9
[35m[HTTP][39m [37m<-- GET /wd/hub/session/8f09e6e7-5797-439c-9632-6a788535b5d9/element/aaa825c4-13b4-4874-a713-64827e8d18a6/location [39m[32m200[39m [90m15 ms - 79[39m
[35m[HTTP][39m [90m[39m
[35m[HTTP][39m [37m-->[39m [37mPOST[39m [37m/wd/hub/session/8f09e6e7-5797-439c-9632-6a788535b5d9/touch/perform[39m
[35m[HTTP][39m [90m{"actions":[{"action":"tap","options":{"x":1,"y":1,"element":"aaa825c4-13b4-4874-a713-64827e8d18a6"}}]}[39m
[35m[UiAutomator2][39m calling get location: aaa825c4-13b4-4874-a713-64827e8d18a6
[35m[HTTP][39m [37m<-- POST /wd/hub/session/8f09e6e7-5797-439c-9632-6a788535b5d9/touch/perform [39m[32m200[39m [90m151 ms - 14[39m
[35m[HTTP][39m [90m[39m
[35m[HTTP][39m [37m-->[39m [37mGET[39m [37m/wd/hub/session/8f09e6e7-5797-439c-9632-6a788535b5d9/source[39m
[35m[HTTP][39m [90m{}[39m
[35m[W3C (8f09e6e7)][39m Driver proxy active, passing request on via HTTP proxy
[35m[WD Proxy][39m Replacing sessionId 95b44b86-0e45-4351-97da-50cd9b111ac4 with 8f09e6e7-5797-439c-9632-6a788535b5d9
[35m[HTTP][39m [37m<-- GET /wd/hub/session/8f09e6e7-5797-439c-9632-6a788535b5d9/source [39m[32m200[39m [90m427 ms - 33921[39m
[35m[HTTP][39m [90m[39m
[35m[HTTP][39m [37m-->[39m [37mGET[39m [37m/wd/hub/session/8f09e6e7-5797-439c-9632-6a788535b5d9/screenshot[39m
[35m[HTTP][39m [90m{}[39m
[35m[HTTP][39m [37m<-- GET /wd/hub/session/8f09e6e7-5797-439c-9632-6a788535b5d9/screenshot [39m[32m200[39m [90m764 ms - 1252254[39m
[35m[HTTP][39m [90m[39m
[35m[HTTP][39m [37m-->[39m [37mPOST[39m [37m/wd/hub/session/8f09e6e7-5797-439c-9632-6a788535b5d9/elements[39m
[35m[HTTP][39m [90m{"using":"-android uiautomator","value":"new UiSelector().className(\"android.widget.ImageView\").packageName(\"com.spacestock.stgcrm\").enabled(true).clickable(false).longClickable(false).checkable(false).checked(false).focusable(false).focused(false).scrollable(false).selected(false).index(0)"}[39m
[35m[HTTP][39m [37m<-- POST /wd/hub/session/8f09e6e7-5797-439c-9632-6a788535b5d9/elements [39m[32m200[39m [90m57 ms - 523[39m
[35m[HTTP][39m [90m[39m
[35m[HTTP][39m [37m-->[39m [37mGET[39m [37m/wd/hub/session/8f09e6e7-5797-439c-9632-6a788535b5d9/window/rect[39m
[35m[HTTP][39m [90m{}[39m
[35m[HTTP][39m [37m<-- GET /wd/hub/session/8f09e6e7-5797-439c-9632-6a788535b5d9/window/rect [39m[32m200[39m [90m6 ms - 50[39m
[35m[HTTP][39m [90m[39m
[35m[HTTP][39m [37m-->[39m [37mPOST[39m [37m/wd/hub/session/8f09e6e7-5797-439c-9632-6a788535b5d9/elements[39m
[35m[HTTP][39m [90m{"using":"xpath","value":"//hierarchy/android.widget.FrameLayout[1]/android.widget.LinearLayout[1]/android.widget.FrameLayout[1]/android.widget.LinearLayout[1]/android.widget.FrameLayout[1]/android.widget.FrameLayout[1]/android.widget.FrameLayout[1]/android.widget.FrameLayout[1]/android.view.ViewGroup[1]/android.view.ViewGroup[1]/android.view.ViewGroup[1]/android.view.ViewGroup[1]/android.view.ViewGroup[1]/android.view.ViewGroup[1]/android.view.ViewGroup[1]/android.view.ViewGroup[1]/android.view.ViewGroup[2]/android.widget.ImageView[1]"}[39m
[35m[HTTP][39m [37m<-- POST /wd/hub/session/8f09e6e7-5797-439c-9632-6a788535b5d9/elements [39m[32m200[39m [90m37 ms - 139[39m
[35m[HTTP][39m [90m[39m
[35m[HTTP][39m [37m-->[39m [37mGET[39m [37m/wd/hub/session/8f09e6e7-5797-439c-9632-6a788535b5d9/element/5ee13041-d914-4b07-80b2-8e3059ce1bcc/location[39m
[35m[HTTP][39m [90m{}[39m
[35m[W3C (8f09e6e7)][39m Driver proxy active, passing request on via HTTP proxy
[35m[WD Proxy][39m Replacing sessionId 95b44b86-0e45-4351-97da-50cd9b111ac4 with 8f09e6e7-5797-439c-9632-6a788535b5d9
[35m[HTTP][39m [37m<-- GET /wd/hub/session/8f09e6e7-5797-439c-9632-6a788535b5d9/element/5ee13041-d914-4b07-80b2-8e3059ce1bcc/location [39m[32m200[39m [90m13 ms - 79[39m
[35m[HTTP][39m [90m[39m
[35m[HTTP][39m [37m-->[39m [37mPOST[39m [37m/wd/hub/session/8f09e6e7-5797-439c-9632-6a788535b5d9/touch/perform[39m
[35m[HTTP][39m [90m{"actions":[{"action":"tap","options":{"x":1,"y":1,"element":"5ee13041-d914-4b07-80b2-8e3059ce1bcc"}}]}[39m
[35m[UiAutomator2][39m calling get location: 5ee13041-d914-4b07-80b2-8e3059ce1bcc
[35m[HTTP][39m [37m<-- POST /wd/hub/session/8f09e6e7-5797-439c-9632-6a788535b5d9/touch/perform [39m[32m200[39m [90m268 ms - 14[39m
[35m[HTTP][39m [90m[39m
[35m[HTTP][39m [37m-->[39m [37mGET[39m [37m/wd/hub/session/8f09e6e7-5797-439c-9632-6a788535b5d9/source[39m
[35m[HTTP][39m [90m{}[39m
[35m[W3C (8f09e6e7)][39m Driver proxy active, passing request on via HTTP proxy
[35m[WD Proxy][39m Replacing sessionId 95b44b86-0e45-4351-97da-50cd9b111ac4 with 8f09e6e7-5797-439c-9632-6a788535b5d9
[35m[HTTP][39m [37m<-- GET /wd/hub/session/8f09e6e7-5797-439c-9632-6a788535b5d9/source [39m[32m200[39m [90m1028 ms - 50928[39m
[35m[HTTP][39m [90m[39m
[35m[HTTP][39m [37m-->[39m [37mGET[39m [37m/wd/hub/session/8f09e6e7-5797-439c-9632-6a788535b5d9/screenshot[39m
[35m[HTTP][39m [90m{}[39m
[35m[HTTP][39m [37m<-- GET /wd/hub/session/8f09e6e7-5797-439c-9632-6a788535b5d9/screenshot [39m[32m200[39m [90m557 ms - 627606[39m
[35m[HTTP][39m [90m[39m
[35m[HTTP][39m [37m-->[39m [37mPOST[39m [37m/wd/hub/session/8f09e6e7-5797-439c-9632-6a788535b5d9/elements[39m
[35m[HTTP][39m [90m{"using":"-android uiautomator","value":"new UiSelector().className(\"android.widget.TextView\").text(\"Logout\").packageName(\"com.spacestock.stgcrm\").enabled(true).clickable(false).longClickable(false).checkable(false).checked(false).focusable(false).focused(false).scrollable(false).selected(false).index(2)"}[39m
[35m[HTTP][39m [37m<-- POST /wd/hub/session/8f09e6e7-5797-439c-9632-6a788535b5d9/elements [39m[32m200[39m [90m35 ms - 139[39m
[35m[HTTP][39m [90m[39m
[35m[HTTP][39m [37m-->[39m [37mGET[39m [37m/wd/hub/session/8f09e6e7-5797-439c-9632-6a788535b5d9/window/rect[39m
[35m[HTTP][39m [90m{}[39m
[35m[HTTP][39m [37m<-- GET /wd/hub/session/8f09e6e7-5797-439c-9632-6a788535b5d9/window/rect [39m[32m200[39m [90m6 ms - 50[39m
[35m[HTTP][39m [90m[39m
[35m[HTTP][39m [37m-->[39m [37mPOST[39m [37m/wd/hub/session/8f09e6e7-5797-439c-9632-6a788535b5d9/elements[39m
[35m[HTTP][39m [90m{"using":"-android uiautomator","value":"new UiSelector().className(\"android.widget.TextView\").text(\"Logout\").packageName(\"com.spacestock.stgcrm\").enabled(true).clickable(false).longClickable(false).checkable(false).checked(false).focusable(false).focused(false).scrollable(false).selected(false).index(2)"}[39m
[35m[HTTP][39m [37m<-- POST /wd/hub/session/8f09e6e7-5797-439c-9632-6a788535b5d9/elements [39m[32m200[39m [90m35 ms - 139[39m
[35m[HTTP][39m [90m[39m
[35m[HTTP][39m [37m-->[39m [37mGET[39m [37m/wd/hub/session/8f09e6e7-5797-439c-9632-6a788535b5d9/element/20d3f75c-e0cb-4d4d-a60b-9a2fbb6fa541/location[39m
[35m[HTTP][39m [90m{}[39m
[35m[W3C (8f09e6e7)][39m Driver proxy active, passing request on via HTTP proxy
[35m[WD Proxy][39m Replacing sessionId 95b44b86-0e45-4351-97da-50cd9b111ac4 with 8f09e6e7-5797-439c-9632-6a788535b5d9
[35m[HTTP][39m [37m<-- GET /wd/hub/session/8f09e6e7-5797-439c-9632-6a788535b5d9/element/20d3f75c-e0cb-4d4d-a60b-9a2fbb6fa541/location [39m[32m200[39m [90m13 ms - 79[39m
[35m[HTTP][39m [90m[39m
[35m[HTTP][39m [37m-->[39m [37mPOST[39m [37m/wd/hub/session/8f09e6e7-5797-439c-9632-6a788535b5d9/touch/perform[39m
[35m[HTTP][39m [90m{"actions":[{"action":"tap","options":{"x":1,"y":1,"element":"20d3f75c-e0cb-4d4d-a60b-9a2fbb6fa541"}}]}[39m
[35m[UiAutomator2][39m calling get location: 20d3f75c-e0cb-4d4d-a60b-9a2fbb6fa541
[35m[HTTP][39m [37m<-- POST /wd/hub/session/8f09e6e7-5797-439c-9632-6a788535b5d9/touch/perform [39m[32m200[39m [90m142 ms - 14[39m
[35m[HTTP][39m [90m[39m
[35m[HTTP][39m [37m-->[39m [37mGET[39m [37m/wd/hub/session/8f09e6e7-5797-439c-9632-6a788535b5d9/source[39m
[35m[HTTP][39m [90m{}[39m
[35m[W3C (8f09e6e7)][39m Driver proxy active, passing request on via HTTP proxy
[35m[WD Proxy][39m Replacing sessionId 95b44b86-0e45-4351-97da-50cd9b111ac4 with 8f09e6e7-5797-439c-9632-6a788535b5d9
[35m[HTTP][39m [37m<-- GET /wd/hub/session/8f09e6e7-5797-439c-9632-6a788535b5d9/source [39m[32m200[39m [90m1336 ms - 13673[39m
[35m[HTTP][39m [90m[39m
[35m[HTTP][39m [37m-->[39m [37mGET[39m [37m/wd/hub/session/8f09e6e7-5797-439c-9632-6a788535b5d9/screenshot[39m
[35m[HTTP][39m [90m{}[39m
[35m[HTTP][39m [37m<-- GET /wd/hub/session/8f09e6e7-5797-439c-9632-6a788535b5d9/screenshot [39m[32m200[39m [90m457 ms - 118950[39m
[35m[HTTP][39m [90m[39m
[35m[HTTP][39m [37m-->[39m [37mDELETE[39m [37m/wd/hub/session/8f09e6e7-5797-439c-9632-6a788535b5d9[39m
[35m[HTTP][39m [90m{}[39m
[35m[Appium][39m Removing session 8f09e6e7-5797-439c-9632-6a788535b5d9 from our master session list
[35m[UiAutomator2][39m Restoring hidden api policy to the device default configuration
[35m[HTTP][39m [37m<-- DELETE /wd/hub/session/8f09e6e7-5797-439c-9632-6a788535b5d9 [39m[32m200[39m [90m392 ms - 14[39m
[35m[HTTP][39m [90m[39m
